2014-05-13 11:50:30,836 [Thread-11] ERROR StackTrace  - Full Stack Trace:
java.lang.NullPointerException: Cannot get property 'cacheOperationSource' on null object
	at org.codehaus.groovy.runtime.NullObject.getProperty(NullObject.java:56)
	at org.codehaus.groovy.runtime.InvokerHelper.getProperty(InvokerHelper.java:169)
	at org.codehaus.groovy.runtime.callsite.NullCallSite.getProperty(NullCallSite.java:44)
	at org.codehaus.groovy.runtime.callsite.AbstractCallSite.callGetProperty(AbstractCallSite.java:227)
	at CacheGrailsPlugin$_closure4.doCall(CacheGrailsPlugin.groovy:181)
	at sun.reflect.NativeMethodAccessorImpl.invoke0(Native Method)
	at sun.reflect.NativeMethodAccessorImpl.invoke(NativeMethodAccessorImpl.java:39)
	at sun.reflect.DelegatingMethodAccessorImpl.invoke(DelegatingMethodAccessorImpl.java:25)
	at java.lang.reflect.Method.invoke(Method.java:597)
	at org.springsource.loaded.ri.ReflectiveInterceptor.jlrMethodInvoke(ReflectiveInterceptor.java:1254)
	at org.codehaus.groovy.reflection.CachedMethod.invoke(CachedMethod.java:90)
	at groovy.lang.MetaMethod.doMethodInvoke(MetaMethod.java:233)
	at groovy.lang.MetaClassImpl.invokeMethod(MetaClassImpl.java:1086)
	at groovy.lang.ExpandoMetaClass.invokeMethod(ExpandoMetaClass.java:1110)
	at groovy.lang.MetaClassImpl.invokeMethod(MetaClassImpl.java:910)
	at groovy.lang.Closure.call(Closure.java:411)
	at CacheGrailsPlugin$_closure4.call(CacheGrailsPlugin.groovy)
	at org.codehaus.groovy.grails.plugins.DefaultGrailsPlugin.invokeOnChangeListener(DefaultGrailsPlugin.java:767)
	at org.codehaus.groovy.grails.plugins.DefaultGrailsPlugin.notifyOfEvent(DefaultGrailsPlugin.java:716)
	at org.codehaus.groovy.grails.plugins.DefaultGrailsPluginManager.informObservers(DefaultGrailsPluginManager.java:243)
	at org.codehaus.groovy.grails.plugins.DefaultGrailsPlugin.notifyOfEvent(DefaultGrailsPlugin.java:732)
	at org.codehaus.groovy.grails.plugins.AbstractGrailsPluginManager.informOfClassChange(AbstractGrailsPluginManager.java:409)
	at org.codehaus.groovy.grails.plugins.AbstractGrailsPluginManager.informOfFileChange(AbstractGrailsPluginManager.java:367)
	at org.codehaus.groovy.grails.compiler.GrailsProjectWatcher.informPluginManager(GrailsProjectWatcher.java:243)
	at org.codehaus.groovy.grails.compiler.GrailsProjectWatcher.access$400(GrailsProjectWatcher.java:46)
	at org.codehaus.groovy.grails.compiler.GrailsProjectWatcher$1.onNew(GrailsProjectWatcher.java:169)
	at org.codehaus.groovy.grails.compiler.DirectoryWatcher.cacheFilesForDirectory(DirectoryWatcher.java:210)
	at org.codehaus.groovy.grails.compiler.DirectoryWatcher.checkForNewFiles(DirectoryWatcher.java:187)
	at org.codehaus.groovy.grails.compiler.DirectoryWatcher.run(DirectoryWatcher.java:163)
	at org.codehaus.groovy.grails.compiler.GrailsProjectWatcher.run(GrailsProjectWatcher.java:178)
2014-05-13 11:50:30,853 [Thread-11] ERROR StackTrace  - Full Stack Trace:
java.lang.NullPointerException: Cannot get property 'cacheOperationSource' on null object
	at CacheGrailsPlugin$_closure4.doCall(CacheGrailsPlugin.groovy:181)
2014-05-13 11:50:30,853 [Thread-11] ERROR StackTrace  - Full Stack Trace:
java.lang.NullPointerException: Cannot get property 'cacheOperationSource' on null object
	at CacheGrailsPlugin$_closure4.doCall(CacheGrailsPlugin.groovy:181)
2014-05-13 11:50:30,854 [Thread-11] ERROR StackTrace  - Full Stack Trace:
java.lang.NullPointerException: Cannot get property 'cacheOperationSource' on null object
	at CacheGrailsPlugin$_closure4.doCall(CacheGrailsPlugin.groovy:181)
2014-05-13 11:51:05,386 [FileSystemWatcher: files=#80 cl=java.net.URLClassLoader@161f888] ERROR StackTrace  - Full Stack Trace:
java.lang.NullPointerException: Cannot get property 'cacheOperationSource' on null object
	at org.codehaus.groovy.runtime.NullObject.getProperty(NullObject.java:56)
	at org.codehaus.groovy.runtime.InvokerHelper.getProperty(InvokerHelper.java:169)
	at org.codehaus.groovy.runtime.callsite.NullCallSite.getProperty(NullCallSite.java:44)
	at org.codehaus.groovy.runtime.callsite.AbstractCallSite.callGetProperty(AbstractCallSite.java:227)
	at CacheGrailsPlugin$_closure4.doCall(CacheGrailsPlugin.groovy:181)
	at sun.reflect.NativeMethodAccessorImpl.invoke0(Native Method)
	at sun.reflect.NativeMethodAccessorImpl.invoke(NativeMethodAccessorImpl.java:39)
	at sun.reflect.DelegatingMethodAccessorImpl.invoke(DelegatingMethodAccessorImpl.java:25)
	at java.lang.reflect.Method.invoke(Method.java:597)
	at org.springsource.loaded.ri.OriginalClassInvoker.invoke(OriginalClassInvoker.java:47)
	at org.springsource.loaded.ri.ReflectiveInterceptor.jlrMethodInvoke(ReflectiveInterceptor.java:1283)
	at org.codehaus.groovy.reflection.CachedMethod.invoke(CachedMethod.java:90)
	at groovy.lang.MetaMethod.doMethodInvoke(MetaMethod.java:233)
	at groovy.lang.MetaClassImpl.invokeMethod(MetaClassImpl.java:1086)
	at groovy.lang.ExpandoMetaClass.invokeMethod(ExpandoMetaClass.java:1110)
	at groovy.lang.MetaClassImpl.invokeMethod(MetaClassImpl.java:910)
	at groovy.lang.Closure.call(Closure.java:411)
	at CacheGrailsPlugin$_closure4.call(CacheGrailsPlugin.groovy)
	at org.codehaus.groovy.grails.plugins.DefaultGrailsPlugin.invokeOnChangeListener(DefaultGrailsPlugin.java:767)
	at org.codehaus.groovy.grails.plugins.DefaultGrailsPlugin.notifyOfEvent(DefaultGrailsPlugin.java:716)
	at org.codehaus.groovy.grails.plugins.DefaultGrailsPluginManager.informObservers(DefaultGrailsPluginManager.java:243)
	at org.codehaus.groovy.grails.plugins.DefaultGrailsPlugin.notifyOfEvent(DefaultGrailsPlugin.java:732)
	at org.codehaus.groovy.grails.plugins.AbstractGrailsPluginManager.informOfClassChange(AbstractGrailsPluginManager.java:409)
	at org.codehaus.groovy.grails.compiler.GrailsProjectWatcher$2.run(GrailsProjectWatcher.java:263)
	at org.codehaus.groovy.grails.compiler.GrailsProjectWatcher.firePendingClassChangeEvents(GrailsProjectWatcher.java:124)
	at org.codehaus.groovy.grails.cli.agent.GrailsPluginManagerReloadPlugin.reloadEvent(GrailsPluginManagerReloadPlugin.java:42)
	at org.springsource.loaded.TypeRegistry.fireReloadEvent(TypeRegistry.java:1664)
	at org.springsource.loaded.ReloadableType.loadNewVersion(ReloadableType.java:397)
	at org.springsource.loaded.TypeRegistry.loadNewVersion(TypeRegistry.java:828)
	at org.springsource.loaded.agent.ReloadableFileChangeListener.fileChanged(ReloadableFileChangeListener.java:51)
	at org.springsource.loaded.agent.Watcher.determineChangesSince(FileSystemWatcher.java:235)
	at org.springsource.loaded.agent.Watcher.run(FileSystemWatcher.java:219)
	at java.lang.Thread.run(Thread.java:662)
2014-05-13 11:51:05,387 [FileSystemWatcher: files=#80 cl=java.net.URLClassLoader@161f888] ERROR StackTrace  - Full Stack Trace:
java.lang.NullPointerException: Cannot get property 'cacheOperationSource' on null object
	at CacheGrailsPlugin$_closure4.doCall(CacheGrailsPlugin.groovy:181)
	at java.lang.Thread.run(Thread.java:662)
2014-05-13 11:51:05,387 [FileSystemWatcher: files=#80 cl=java.net.URLClassLoader@161f888] ERROR StackTrace  - Full Stack Trace:
java.lang.NullPointerException: Cannot get property 'cacheOperationSource' on null object
	at CacheGrailsPlugin$_closure4.doCall(CacheGrailsPlugin.groovy:181)
	at java.lang.Thread.run(Thread.java:662)
2014-05-13 11:51:05,387 [FileSystemWatcher: files=#80 cl=java.net.URLClassLoader@161f888] ERROR StackTrace  - Full Stack Trace:
java.lang.NullPointerException: Cannot get property 'cacheOperationSource' on null object
	at CacheGrailsPlugin$_closure4.doCall(CacheGrailsPlugin.groovy:181)
	at java.lang.Thread.run(Thread.java:662)
